# JRE version: Java(TM) SE Runtime Environment (8.0_101-b13) (build 1.8.0_101-b13)
# Java VM: Java HotSpot(TM) 64-Bit Server VM (25.101-b13 mixed mode windows-amd64 compressed oops)
Heap:
 PSYoungGen      total 137216K, used 127926K [0x00000000eb300000, 0x00000000f7880000, 0x0000000100000000)
  eden space 128000K, 99% used [0x00000000eb300000,0x00000000f2fed828,0x00000000f3000000)
  from space 9216K, 0% used [0x00000000f3000000,0x00000000f3000000,0x00000000f3900000)
  to   space 12288K, 0% used [0x00000000f6c80000,0x00000000f6c80000,0x00000000f7880000)
 ParOldGen       total 48128K, used 17258K [0x00000000c1800000, 0x00000000c4700000, 0x00000000eb300000)
  object space 48128K, 35% used [0x00000000c1800000,0x00000000c28da848,0x00000000c4700000)
 Metaspace       used 46441K, capacity 48656K, committed 48764K, reserved 1091584K
  class space    used 5844K, capacity 6234K, committed 6268K, reserved 1048576K
GC Heap History (10 events):
Event: 1.758 GC heap before
{Heap before GC invocations=7 (full 0):
 PSYoungGen      total 73216K, used 6270K [0x00000000eb300000, 0x00000000f0200000, 0x0000000100000000)
  eden space 65536K, 4% used [0x00000000eb300000,0x00000000eb5de308,0x00000000ef300000)
  from space 7680K, 43% used [0x00000000efa80000,0x00000000efdc16b8,0x00000000f0200000)
  to   space 7680K, 0% used [0x00000000ef300000,0x00000000ef300000,0x00000000efa80000)
 ParOldGen       total 44032K, used 11649K [0x00000000c1800000, 0x00000000c4300000, 0x00000000eb300000)
  object space 44032K, 26% used [0x00000000c1800000,0x00000000c23605c0,0x00000000c4300000)
 Metaspace       used 20941K, capacity 21494K, committed 21628K, reserved 1069056K
  class space    used 2703K, capacity 2867K, committed 2940K, reserved 1048576K
Event: 1.765 GC heap after
Heap after GC invocations=7 (full 0):
 PSYoungGen      total 73216K, used 1907K [0x00000000eb300000, 0x00000000f4200000, 0x0000000100000000)
  eden space 65536K, 0% used [0x00000000eb300000,0x00000000eb300000,0x00000000ef300000)
  from space 7680K, 24% used [0x00000000ef300000,0x00000000ef4dcc58,0x00000000efa80000)
  to   space 7680K, 0% used [0x00000000f3a80000,0x00000000f3a80000,0x00000000f4200000)
 ParOldGen       total 44032K, used 12802K [0x00000000c1800000, 0x00000000c4300000, 0x00000000eb300000)
  object space 44032K, 29% used [0x00000000c1800000,0x00000000c2480bf8,0x00000000c4300000)
 Metaspace       used 20941K, capacity 21494K, committed 21628K, reserved 1069056K
  class space    used 2703K, capacity 2867K, committed 2940K, reserved 1048576K
}
Event: 1.765 GC heap before
{Heap before GC invocations=8 (full 1):
 PSYoungGen      total 73216K, used 1907K [0x00000000eb300000, 0x00000000f4200000, 0x0000000100000000)
  eden space 65536K, 0% used [0x00000000eb300000,0x00000000eb300000,0x00000000ef300000)
  from space 7680K, 24% used [0x00000000ef300000,0x00000000ef4dcc58,0x00000000efa80000)
  to   space 7680K, 0% used [0x00000000f3a80000,0x00000000f3a80000,0x00000000f4200000)
 ParOldGen       total 44032K, used 12802K [0x00000000c1800000, 0x00000000c4300000, 0x00000000eb300000)
  object space 44032K, 29% used [0x00000000c1800000,0x00000000c2480bf8,0x00000000c4300000)
 Metaspace       used 20941K, capacity 21494K, committed 21628K, reserved 1069056K
  class space    used 2703K, capacity 2867K, committed 2940K, reserved 1048576K
Event: 1.799 GC heap after
Heap after GC invocations=8 (full 1):
 PSYoungGen      total 73216K, used 0K [0x00000000eb300000, 0x00000000f4200000, 0x0000000100000000)
  eden space 65536K, 0% used [0x00000000eb300000,0x00000000eb300000,0x00000000ef300000)
  from space 7680K, 0% used [0x00000000ef300000,0x00000000ef300000,0x00000000efa80000)
  to   space 7680K, 0% used [0x00000000f3a80000,0x00000000f3a80000,0x00000000f4200000)
 ParOldGen       total 28672K, used 4788K [0x00000000c1800000, 0x00000000c3400000, 0x00000000eb300000)
  object space 28672K, 16% used [0x00000000c1800000,0x00000000c1cad148,0x00000000c3400000)
 Metaspace       used 20941K, capacity 21494K, committed 21628K, reserved 1069056K
  class space    used 2703K, capacity 2867K, committed 2940K, reserved 1048576K
}
Event: 3.412 GC heap before
{Heap before GC invocations=9 (full 1):
 PSYoungGen      total 73216K, used 65536K [0x00000000eb300000, 0x00000000f4200000, 0x0000000100000000)
  eden space 65536K, 100% used [0x00000000eb300000,0x00000000ef300000,0x00000000ef300000)
  from space 7680K, 0% used [0x00000000ef300000,0x00000000ef300000,0x00000000efa80000)
  to   space 7680K, 0% used [0x00000000f3a80000,0x00000000f3a80000,0x00000000f4200000)
 ParOldGen       total 28672K, used 4788K [0x00000000c1800000, 0x00000000c3400000, 0x00000000eb300000)
  object space 28672K, 16% used [0x00000000c1800000,0x00000000c1cad148,0x00000000c3400000)
 Metaspace       used 27314K, capacity 28262K, committed 28412K, reserved 1073152K
  class space    used 3503K, capacity 3719K, committed 3836K, reserved 1048576K
Event: 3.612 GC heap after
Heap after GC invocations=9 (full 1):
 PSYoungGen      total 127488K, used 7654K [0x00000000eb300000, 0x00000000f4200000, 0x0000000100000000)
  eden space 119808K, 0% used [0x00000000eb300000,0x00000000eb300000,0x00000000f2800000)
  from space 7680K, 99% used [0x00000000f3a80000,0x00000000f41f98e8,0x00000000f4200000)
  to   space 9216K, 0% used [0x00000000f3000000,0x00000000f3000000,0x00000000f3900000)
 ParOldGen       total 28672K, used 5995K [0x00000000c1800000, 0x00000000c3400000, 0x00000000eb300000)
  object space 28672K, 20% used [0x00000000c1800000,0x00000000c1ddac08,0x00000000c3400000)
 Metaspace       used 27314K, capacity 28262K, committed 28412K, reserved 1073152K
  class space    used 3503K, capacity 3719K, committed 3836K, reserved 1048576K
}
Event: 7.163 GC heap before
{Heap before GC invocations=10 (full 1):
 PSYoungGen      total 127488K, used 95191K [0x00000000eb300000, 0x00000000f4200000, 0x0000000100000000)
  eden space 119808K, 73% used [0x00000000eb300000,0x00000000f087c670,0x00000000f2800000)
  from space 7680K, 99% used [0x00000000f3a80000,0x00000000f41f98e8,0x00000000f4200000)
  to   space 9216K, 0% used [0x00000000f3000000,0x00000000f3000000,0x00000000f3900000)
 ParOldGen       total 28672K, used 5995K [0x00000000c1800000, 0x00000000c3400000, 0x00000000eb300000)
  object space 28672K, 20% used [0x00000000c1800000,0x00000000c1ddac08,0x00000000c3400000)
 Metaspace       used 34466K, capacity 35966K, committed 36048K, reserved 1081344K
  class space    used 4389K, capacity 4673K, committed 4732K, reserved 1048576K
Event: 7.283 GC heap after
Heap after GC invocations=10 (full 1):
 PSYoungGen      total 137216K, used 9184K [0x00000000eb300000, 0x00000000f7880000, 0x0000000100000000)
  eden space 128000K, 0% used [0x00000000eb300000,0x00000000eb300000,0x00000000f3000000)
  from space 9216K, 99% used [0x00000000f3000000,0x00000000f38f8030,0x00000000f3900000)
  to   space 12288K, 0% used [0x00000000f6c80000,0x00000000f6c80000,0x00000000f7880000)
 ParOldGen       total 28672K, used 10054K [0x00000000c1800000, 0x00000000c3400000, 0x00000000eb300000)
  object space 28672K, 35% used [0x00000000c1800000,0x00000000c21d1998,0x00000000c3400000)
 Metaspace       used 34466K, capacity 35966K, committed 36048K, reserved 1081344K
  class space    used 4389K, capacity 4673K, committed 4732K, reserved 1048576K
}
Event: 7.283 GC heap before
{Heap before GC invocations=11 (full 2):
 PSYoungGen      total 137216K, used 9184K [0x00000000eb300000, 0x00000000f7880000, 0x0000000100000000)
  eden space 128000K, 0% used [0x00000000eb300000,0x00000000eb300000,0x00000000f3000000)
  from space 9216K, 99% used [0x00000000f3000000,0x00000000f38f8030,0x00000000f3900000)
  to   space 12288K, 0% used [0x00000000f6c80000,0x00000000f6c80000,0x00000000f7880000)
 ParOldGen       total 28672K, used 10054K [0x00000000c1800000, 0x00000000c3400000, 0x00000000eb300000)
  object space 28672K, 35% used [0x00000000c1800000,0x00000000c21d1998,0x00000000c3400000)
 Metaspace       used 34466K, capacity 35966K, committed 36048K, reserved 1081344K
  class space    used 4389K, capacity 4673K, committed 4732K, reserved 1048576K
Event: 7.546 GC heap after
Heap after GC invocations=11 (full 2):
 PSYoungGen      total 137216K, used 0K [0x00000000eb300000, 0x00000000f7880000, 0x0000000100000000)
  eden space 128000K, 0% used [0x00000000eb300000,0x00000000eb300000,0x00000000f3000000)
  from space 9216K, 0% used [0x00000000f3000000,0x00000000f3000000,0x00000000f3900000)
  to   space 12288K, 0% used [0x00000000f6c80000,0x00000000f6c80000,0x00000000f7880000)
 ParOldGen       total 48128K, used 17258K [0x00000000c1800000, 0x00000000c4700000, 0x00000000eb300000)
  object space 48128K, 35% used [0x00000000c1800000,0x00000000c28da848,0x00000000c4700000)
 Metaspace       used 34466K, capacity 35966K, committed 36048K, reserved 1081344K
  class space    used 4389K, capacity 4673K, committed 4732K, reserved 1048576K
}

